Using /etc/ansible/ansible.cfg as config file

PLAY [all] ***********************************************************************************************************************************************************

TASK [Gathering Facts] ***********************************************************************************************************************************************
ok: [rancher.tantei.io]
ok: [app-02.tantei.io]
ok: [app-03.tantei.io]
ok: [app-01.tantei.io]

TASK [standard-node : Ansible | List all known variables and facts] **************************************************************************************************
skipping: [app-01.tantei.io] => {}
ok: [rancher.tantei.io] => {
    "hostvars[inventory_hostname]": {
        "ansible_all_ipv4_addresses": [
            "172.17.0.1", 
            "192.168.210.5"
        ], 
        "ansible_all_ipv6_addresses": [
            "fe80::f64d:30ff:fe66:d421"
        ], 
        "ansible_apparmor": {
            "status": "enabled"
        }, 
        "ansible_architecture": "x86_64", 
        "ansible_bios_date": "12/09/2016", 
        "ansible_bios_version": "SYSKLi35.86A.0055.2016.1209.1046", 
        "ansible_check_mode": false, 
        "ansible_cmdline": {
            "BOOT_IMAGE": "/boot/vmlinuz-4.15.0-88-generic", 
            "ro": true, 
            "root": "UUID=8167dd10-eb05-45c1-b651-c8c465d921a7"
        }, 
        "ansible_connection": "ssh", 
        "ansible_date_time": {
            "date": "2020-04-13", 
            "day": "13", 
            "epoch": "1586753769", 
            "hour": "12", 
            "iso8601": "2020-04-13T04:56:09Z", 
            "iso8601_basic": "20200413T125609193561", 
            "iso8601_basic_short": "20200413T125609", 
            "iso8601_micro": "2020-04-13T04:56:09.193630Z", 
            "minute": "56", 
            "month": "04", 
            "second": "09", 
            "time": "12:56:09", 
            "tz": "+08", 
            "tz_offset": "+0800", 
            "weekday": "Monday", 
            "weekday_number": "1", 
            "weeknumber": "15", 
            "year": "2020"
        }, 
        "ansible_default_ipv4": {
            "address": "192.168.210.5", 
            "alias": "eno1", 
            "broadcast": "192.168.255.255", 
            "gateway": "192.168.50.1", 
            "interface": "eno1", 
            "macaddress": "f4:4d:30:66:d4:21", 
            "mtu": 1500, 
            "netmask": "255.255.0.0", 
            "network": "192.168.0.0", 
            "type": "ether"
        }, 
        "ansible_default_ipv6": {}, 
        "ansible_device_links": {
            "ids": {
                "sda": [
                    "ata-Samsung_SSD_850_EVO_M.2_250GB_S33CNX0H707991Z", 
                    "wwn-0x5002538d4110b6cc"
                ], 
                "sda1": [
                    "ata-Samsung_SSD_850_EVO_M.2_250GB_S33CNX0H707991Z-part1", 
                    "wwn-0x5002538d4110b6cc-part1"
                ], 
                "sda2": [
                    "ata-Samsung_SSD_850_EVO_M.2_250GB_S33CNX0H707991Z-part2", 
                    "wwn-0x5002538d4110b6cc-part2"
                ]
            }, 
            "labels": {}, 
            "masters": {}, 
            "uuids": {
                "sda1": [
                    "6311-D77D"
                ], 
                "sda2": [
                    "8167dd10-eb05-45c1-b651-c8c465d921a7"
                ]
            }
        }, 
        "ansible_devices": {
            "loop0": {
                "holders": [], 
                "host": "", 
                "links": {
                    "ids": [], 
                    "labels": [], 
                    "masters": [], 
                    "uuids": []
                }, 
                "model": null, 
                "partitions": {}, 
                "removable": "0", 
                "rotational": "1", 
                "sas_address": null, 
                "sas_device_handle": null, 
                "scheduler_mode": "none", 
                "sectors": "187120", 
                "sectorsize": "512", 
                "size": "91.37 MB", 
                "support_discard": "4096", 
                "vendor": null, 
                "virtual": 1
            }, 
            "loop1": {
                "holders": [], 
                "host": "", 
                "links": {
                    "ids": [], 
                    "labels": [], 
                    "masters": [], 
                    "uuids": []
                }, 
                "model": null, 
                "partitions": {}, 
                "removable": "0", 
                "rotational": "1", 
                "sas_address": null, 
                "sas_device_handle": null, 
                "scheduler_mode": "none", 
                "sectors": "0", 
                "sectorsize": "512", 
                "size": "0.00 Bytes", 
                "support_discard": "4096", 
                "vendor": null, 
                "virtual": 1
            }, 
            "loop2": {
                "holders": [], 
                "host": "", 
                "links": {
                    "ids": [], 
                    "labels": [], 
                    "masters": [], 
                    "uuids": []
                }, 
                "model": null, 
                "partitions": {}, 
                "removable": "0", 
                "rotational": "1", 
                "sas_address": null, 
                "sas_device_handle": null, 
                "scheduler_mode": "none", 
                "sectors": "192064", 
                "sectorsize": "512", 
                "size": "93.78 MB", 
                "support_discard": "4096", 
                "vendor": null, 
                "virtual": 1
            }, 
            "loop3": {
                "holders": [], 
                "host": "", 
                "links": {
                    "ids": [], 
                    "labels": [], 
                    "masters": [], 
                    "uuids": []
                }, 
                "model": null, 
                "partitions": {}, 
                "removable": "0", 
                "rotational": "1", 
                "sas_address": null, 
                "sas_device_handle": null, 
                "scheduler_mode": "none", 
                "sectors": "0", 
                "sectorsize": "512", 
                "size": "0.00 Bytes", 
                "support_discard": "4096", 
                "vendor": null, 
                "virtual": 1
            }, 
            "loop4": {
                "holders": [], 
                "host": "", 
                "links": {
                    "ids": [], 
                    "labels": [], 
                    "masters": [], 
                    "uuids": []
                }, 
                "model": null, 
                "partitions": {}, 
                "removable": "0", 
                "rotational": "1", 
                "sas_address": null, 
                "sas_device_handle": null, 
                "scheduler_mode": "none", 
                "sectors": "0", 
                "sectorsize": "512", 
                "size": "0.00 Bytes", 
                "support_discard": "0", 
                "vendor": null, 
                "virtual": 1
            }, 
            "loop5": {
                "holders": [], 
                "host": "", 
                "links": {
                    "ids": [], 
                    "labels": [], 
                    "masters": [], 
                    "uuids": []
                }, 
                "model": null, 
                "partitions": {}, 
                "removable": "0", 
                "rotational": "1", 
                "sas_address": null, 
                "sas_device_handle": null, 
                "scheduler_mode": "none", 
                "sectors": "0", 
                "sectorsize": "512", 
                "size": "0.00 Bytes", 
                "support_discard": "0", 
                "vendor": null, 
                "virtual": 1
            }, 
            "loop6": {
                "holders": [], 
                "host": "", 
                "links": {
                    "ids": [], 
                    "labels": [], 
                    "masters": [], 
                    "uuids": []
                }, 
                "model": null, 
                "partitions": {}, 
                "removable": "0", 
                "rotational": "1", 
                "sas_address": null, 
                "sas_device_handle": null, 
                "scheduler_mode": "none", 
                "sectors": "0", 
                "sectorsize": "512", 
                "size": "0.00 Bytes", 
                "support_discard": "0", 
                "vendor": null, 
                "virtual": 1
            }, 
            "loop7": {
                "holders": [], 
                "host": "", 
                "links": {
                    "ids": [], 
                    "labels": [], 
                    "masters": [], 
                    "uuids": []
                }, 
                "model": null, 
                "partitions": {}, 
                "removable": "0", 
                "rotational": "1", 
                "sas_address": null, 
                "sas_device_handle": null, 
                "scheduler_mode": "none", 
                "sectors": "0", 
                "sectorsize": "512", 
                "size": "0.00 Bytes", 
                "support_discard": "0", 
                "vendor": null, 
                "virtual": 1
            }, 
            "sda": {
                "holders": [], 
                "host": "SATA controller: Intel Corporation Sunrise Point-LP SATA Controller [AHCI mode] (rev 21)", 
                "links": {
                    "ids": [
                        "ata-Samsung_SSD_850_EVO_M.2_250GB_S33CNX0H707991Z", 
                        "wwn-0x5002538d4110b6cc"
                    ], 
                    "labels": [], 
                    "masters": [], 
                    "uuids": []
                }, 
                "model": "Samsung SSD 850", 
                "partitions": {
                    "sda1": {
                        "holders": [], 
                        "links": {
                            "ids": [
                                "ata-Samsung_SSD_850_EVO_M.2_250GB_S33CNX0H707991Z-part1", 
                                "wwn-0x5002538d4110b6cc-part1"
                            ], 
                            "labels": [], 
                            "masters": [], 
                            "uuids": [
                                "6311-D77D"
                            ]
                        }, 
                        "sectors": "1048576", 
                        "sectorsize": 512, 
                        "size": "512.00 MB", 
                        "start": "2048", 
                        "uuid": "6311-D77D"
                    }, 
                    "sda2": {
                        "holders": [], 
                        "links": {
                            "ids": [
                                "ata-Samsung_SSD_850_EVO_M.2_250GB_S33CNX0H707991Z-part2", 
                                "wwn-0x5002538d4110b6cc-part2"
                            ], 
                            "labels": [], 
                            "masters": [], 
                            "uuids": [
                                "8167dd10-eb05-45c1-b651-c8c465d921a7"
                            ]
                        }, 
                        "sectors": "487344128", 
                        "sectorsize": 512, 
                        "size": "232.38 GB", 
                        "start": "1050624", 
                        "uuid": "8167dd10-eb05-45c1-b651-c8c465d921a7"
                    }
                }, 
                "removable": "0", 
                "rotational": "0", 
                "sas_address": null, 
                "sas_device_handle": null, 
                "scheduler_mode": "cfq", 
                "sectors": "488397168", 
                "sectorsize": "512", 
                "size": "232.89 GB", 
                "support_discard": "512", 
                "vendor": "ATA", 
                "virtual": 1, 
                "wwn": "0x5002538d4110b6cc"
            }
        }, 
        "ansible_diff_mode": false, 
        "ansible_distribution": "Ubuntu", 
        "ansible_distribution_file_parsed": true, 
        "ansible_distribution_file_path": "/etc/os-release", 
        "ansible_distribution_file_variety": "Debian", 
        "ansible_distribution_major_version": "18", 
        "ansible_distribution_release": "bionic", 
        "ansible_distribution_version": "18.04", 
        "ansible_dns": {
            "nameservers": [
                "127.0.0.53"
            ], 
            "options": {
                "edns0": true
            }, 
            "search": [
                "tantei.io"
            ]
        }, 
        "ansible_docker0": {
            "active": false, 
            "device": "docker0", 
            "features": {
                "esp_hw_offload": "off [fixed]", 
                "esp_tx_csum_hw_offload": "off [fixed]", 
                "fcoe_mtu": "off [fixed]", 
                "generic_receive_offload": "on", 
                "generic_segmentation_offload": "on", 
                "highdma": "on", 
                "hw_tc_offload": "off [fixed]", 
                "l2_fwd_offload": "off [fixed]", 
                "large_receive_offload": "off [fixed]", 
                "loopback": "off [fixed]", 
                "netns_local": "on [fixed]", 
                "ntuple_filters": "off [fixed]", 
                "receive_hashing": "off [fixed]", 
                "rx_all": "off [fixed]", 
                "rx_checksumming": "off [fixed]", 
                "rx_fcs": "off [fixed]", 
                "rx_udp_tunnel_port_offload": "off [fixed]", 
                "rx_vlan_filter": "off [fixed]", 
                "rx_vlan_offload": "off [fixed]", 
                "rx_vlan_stag_filter": "off [fixed]", 
                "rx_vlan_stag_hw_parse": "off [fixed]", 
                "scatter_gather": "on", 
                "tcp_segmentation_offload": "on", 
                "tx_checksum_fcoe_crc": "off [fixed]", 
                "tx_checksum_ip_generic": "on", 
                "tx_checksum_ipv4": "off [fixed]", 
                "tx_checksum_ipv6": "off [fixed]", 
                "tx_checksum_sctp": "off [fixed]", 
                "tx_checksumming": "on", 
                "tx_esp_segmentation": "on", 
                "tx_fcoe_segmentation": "on", 
                "tx_gre_csum_segmentation": "on", 
                "tx_gre_segmentation": "on", 
                "tx_gso_partial": "on", 
                "tx_gso_robust": "on", 
                "tx_ipxip4_segmentation": "on", 
                "tx_ipxip6_segmentation": "on", 
                "tx_lockless": "on [fixed]", 
                "tx_nocache_copy": "off", 
                "tx_scatter_gather": "on", 
                "tx_scatter_gather_fraglist": "on", 
                "tx_sctp_segmentation": "on", 
                "tx_tcp6_segmentation": "on", 
                "tx_tcp_ecn_segmentation": "on", 
                "tx_tcp_mangleid_segmentation": "on", 
                "tx_tcp_segmentation": "on", 
                "tx_udp_tnl_csum_segmentation": "on", 
                "tx_udp_tnl_segmentation": "on", 
                "tx_vlan_offload": "on", 
                "tx_vlan_stag_hw_insert": "on", 
                "udp_fragmentation_offload": "off", 
                "vlan_challenged": "off [fixed]"
            }, 
            "hw_timestamp_filters": [], 
            "id": "8000.02424a012910", 
            "interfaces": [], 
            "ipv4": {
                "address": "172.17.0.1", 
                "broadcast": "172.17.255.255", 
                "netmask": "255.255.0.0", 
                "network": "172.17.0.0"
            }, 
            "macaddress": "02:42:4a:01:29:10", 
            "mtu": 1500, 
            "promisc": false, 
            "stp": false, 
            "timestamping": [
                "rx_software", 
                "software"
            ], 
            "type": "bridge"
        }, 
        "ansible_domain": "", 
        "ansible_effective_group_id": 1000, 
        "ansible_effective_user_id": 1000, 
        "ansible_eno1": {
            "active": true, 
            "device": "eno1", 
            "features": {
                "esp_hw_offload": "off [fixed]", 
                "esp_tx_csum_hw_offload": "off [fixed]", 
                "fcoe_mtu": "off [fixed]", 
                "generic_receive_offload": "on", 
                "generic_segmentation_offload": "on", 
                "highdma": "on [fixed]", 
                "hw_tc_offload": "off [fixed]", 
                "l2_fwd_offload": "off [fixed]", 
                "large_receive_offload": "off [fixed]", 
                "loopback": "off [fixed]", 
                "netns_local": "off [fixed]", 
                "ntuple_filters": "off [fixed]", 
                "receive_hashing": "on", 
                "rx_all": "off", 
                "rx_checksumming": "on", 
                "rx_fcs": "off", 
                "rx_udp_tunnel_port_offload": "off [fixed]", 
                "rx_vlan_filter": "off [fixed]", 
                "rx_vlan_offload": "on", 
                "rx_vlan_stag_filter": "off [fixed]", 
                "rx_vlan_stag_hw_parse": "off [fixed]", 
                "scatter_gather": "on", 
                "tcp_segmentation_offload": "on", 
                "tx_checksum_fcoe_crc": "off [fixed]", 
                "tx_checksum_ip_generic": "on", 
                "tx_checksum_ipv4": "off [fixed]", 
                "tx_checksum_ipv6": "off [fixed]", 
                "tx_checksum_sctp": "off [fixed]", 
                "tx_checksumming": "on", 
                "tx_esp_segmentation": "off [fixed]", 
                "tx_fcoe_segmentation": "off [fixed]", 
                "tx_gre_csum_segmentation": "off [fixed]", 
                "tx_gre_segmentation": "off [fixed]", 
                "tx_gso_partial": "off [fixed]", 
                "tx_gso_robust": "off [fixed]", 
                "tx_ipxip4_segmentation": "off [fixed]", 
                "tx_ipxip6_segmentation": "off [fixed]", 
                "tx_lockless": "off [fixed]", 
                "tx_nocache_copy": "off", 
                "tx_scatter_gather": "on", 
                "tx_scatter_gather_fraglist": "off [fixed]", 
                "tx_sctp_segmentation": "off [fixed]", 
                "tx_tcp6_segmentation": "on", 
                "tx_tcp_ecn_segmentation": "off [fixed]", 
                "tx_tcp_mangleid_segmentation": "off", 
                "tx_tcp_segmentation": "on", 
                "tx_udp_tnl_csum_segmentation": "off [fixed]", 
                "tx_udp_tnl_segmentation": "off [fixed]", 
                "tx_vlan_offload": "on", 
                "tx_vlan_stag_hw_insert": "off [fixed]", 
                "udp_fragmentation_offload": "off", 
                "vlan_challenged": "off [fixed]"
            }, 
            "hw_timestamp_filters": [
                "none", 
                "all", 
                "ptp_v1_l4_sync", 
                "ptp_v1_l4_delay_req", 
                "ptp_v2_l4_sync", 
                "ptp_v2_l4_delay_req", 
                "ptp_v2_l2_sync", 
                "ptp_v2_l2_delay_req", 
                "ptp_v2_event", 
                "ptp_v2_sync", 
                "ptp_v2_delay_req"
            ], 
            "ipv4": {
                "address": "192.168.210.5", 
                "broadcast": "192.168.255.255", 
                "netmask": "255.255.0.0", 
                "network": "192.168.0.0"
            }, 
            "ipv6": [
                {
                    "address": "fe80::f64d:30ff:fe66:d421", 
                    "prefix": "64", 
                    "scope": "link"
                }
            ], 
            "macaddress": "f4:4d:30:66:d4:21", 
            "module": "e1000e", 
            "mtu": 1500, 
            "pciid": "0000:00:1f.6", 
            "phc_index": 0, 
            "promisc": false, 
            "speed": 1000, 
            "timestamping": [
                "tx_hardware", 
                "tx_software", 
                "rx_hardware", 
                "rx_software", 
                "software", 
                "raw_hardware"
            ], 
            "type": "ether"
        }, 
        "ansible_env": {
            "HOME": "/home/boonheng85", 
            "LANG": "en_US.UTF-8", 
            "LOGNAME": "boonheng85", 
            "MAIL": "/var/mail/boonheng85", 
            "PATH": "/usr/local/sbin:/usr/local/bin:/usr/sbin:/usr/bin:/sbin:/bin:/usr/games:/usr/local/games", 
            "PWD": "/home/boonheng85", 
            "SHELL": "/bin/bash", 
            "SHLVL": "1", 
            "SSH_CLIENT": "192.168.197.26 33860 22", 
            "SSH_CONNECTION": "192.168.197.26 33860 192.168.210.5 22", 
            "SSH_TTY": "/dev/pts/1", 
            "TERM": "screen-256color", 
            "USER": "boonheng85", 
            "XDG_RUNTIME_DIR": "/run/user/1000", 
            "XDG_SESSION_ID": "218", 
            "_": "/bin/sh"
        }, 
        "ansible_facts": {
            "_facts_gathered": true, 
            "all_ipv4_addresses": [
                "172.17.0.1", 
                "192.168.210.5"
            ], 
            "all_ipv6_addresses": [
                "fe80::f64d:30ff:fe66:d421"
            ], 
            "ansible_local": {}, 
            "apparmor": {
                "status": "enabled"
            }, 
            "architecture": "x86_64", 
            "bios_date": "12/09/2016", 
            "bios_version": "SYSKLi35.86A.0055.2016.1209.1046", 
            "cmdline": {
                "BOOT_IMAGE": "/boot/vmlinuz-4.15.0-88-generic", 
                "ro": true, 
                "root": "UUID=8167dd10-eb05-45c1-b651-c8c465d921a7"
            }, 
            "date_time": {
                "date": "2020-04-13", 
                "day": "13", 
                "epoch": "1586753769", 
                "hour": "12", 
                "iso8601": "2020-04-13T04:56:09Z", 
                "iso8601_basic": "20200413T125609193561", 
                "iso8601_basic_short": "20200413T125609", 
                "iso8601_micro": "2020-04-13T04:56:09.193630Z", 
                "minute": "56", 
                "month": "04", 
                "second": "09", 
                "time": "12:56:09", 
                "tz": "+08", 
                "tz_offset": "+0800", 
                "weekday": "Monday", 
                "weekday_number": "1", 
                "weeknumber": "15", 
                "year": "2020"
            }, 
            "default_ipv4": {
                "address": "192.168.210.5", 
                "alias": "eno1", 
                "broadcast": "192.168.255.255", 
                "gateway": "192.168.50.1", 
                "interface": "eno1", 
                "macaddress": "f4:4d:30:66:d4:21", 
                "mtu": 1500, 
                "netmask": "255.255.0.0", 
                "network": "192.168.0.0", 
                "type": "ether"
            }, 
            "default_ipv6": {}, 
            "device_links": {
                "ids": {
                    "sda": [
                        "ata-Samsung_SSD_850_EVO_M.2_250GB_S33CNX0H707991Z", 
                        "wwn-0x5002538d4110b6cc"
                    ], 
                    "sda1": [
                        "ata-Samsung_SSD_850_EVO_M.2_250GB_S33CNX0H707991Z-part1", 
                        "wwn-0x5002538d4110b6cc-part1"
                    ], 
                    "sda2": [
                        "ata-Samsung_SSD_850_EVO_M.2_250GB_S33CNX0H707991Z-part2", 
                        "wwn-0x5002538d4110b6cc-part2"
                    ]
                }, 
                "labels": {}, 
                "masters": {}, 
                "uuids": {
                    "sda1": [
                        "6311-D77D"
                    ], 
                    "sda2": [
                        "8167dd10-eb05-45c1-b651-c8c465d921a7"
                    ]
                }
            }, 
            "devices": {
                "loop0": {
                    "holders": [], 
                    "host": "", 
                    "links": {
                        "ids": [], 
                        "labels": [], 
                        "masters": [], 
                        "uuids": []
                    }, 
                    "model": null, 
                    "partitions": {}, 
                    "removable": "0", 
                    "rotational": "1", 
                    "sas_address": null, 
                    "sas_device_handle": null, 
                    "scheduler_mode": "none", 
                    "sectors": "187120", 
                    "sectorsize": "512", 
                    "size": "91.37 MB", 
                    "support_discard": "4096", 
                    "vendor": null, 
                    "virtual": 1
                }, 
                "loop1": {
                    "holders": [], 
                    "host": "", 
                    "links": {
                        "ids": [], 
                        "labels": [], 
                        "masters": [], 
                        "uuids": []
                    }, 
                    "model": null, 
                    "partitions": {}, 
                    "removable": "0", 
                    "rotational": "1", 
                    "sas_address": null, 
                    "sas_device_handle": null, 
                    "scheduler_mode": "none", 
                    "sectors": "0", 
                    "sectorsize": "512", 
                    "size": "0.00 Bytes", 
                    "support_discard": "4096", 
                    "vendor": null, 
                    "virtual": 1
                }, 
                "loop2": {
                    "holders": [], 
                    "host": "", 
                    "links": {
                        "ids": [], 
                        "labels": [], 
                        "masters": [], 
                        "uuids": []
                    }, 
                    "model": null, 
                    "partitions": {}, 
                    "removable": "0", 
                    "rotational": "1", 
                    "sas_address": null, 
                    "sas_device_handle": null, 
                    "scheduler_mode": "none", 
                    "sectors": "192064", 
                    "sectorsize": "512", 
                    "size": "93.78 MB", 
                    "support_discard": "4096", 
                    "vendor": null, 
                    "virtual": 1
                }, 
                "loop3": {
                    "holders": [], 
                    "host": "", 
                    "links": {
                        "ids": [], 
                        "labels": [], 
                        "masters": [], 
                        "uuids": []
                    }, 
                    "model": null, 
                    "partitions": {}, 
                    "removable": "0", 
                    "rotational": "1", 
                    "sas_address": null, 
                    "sas_device_handle": null, 
                    "scheduler_mode": "none", 
                    "sectors": "0", 
                    "sectorsize": "512", 
                    "size": "0.00 Bytes", 
                    "support_discard": "4096", 
                    "vendor": null, 
                    "virtual": 1
                }, 
                "loop4": {
                    "holders": [], 
                    "host": "", 
                    "links": {
                        "ids": [], 
                        "labels": [], 
                        "masters": [], 
                        "uuids": []
                    }, 
                    "model": null, 
                    "partitions": {}, 
                    "removable": "0", 
                    "rotational": "1", 
                    "sas_address": null, 
                    "sas_device_handle": null, 
                    "scheduler_mode": "none", 
                    "sectors": "0", 
                    "sectorsize": "512", 
                    "size": "0.00 Bytes", 
                    "support_discard": "0", 
                    "vendor": null, 
                    "virtual": 1
                }, 
                "loop5": {
                    "holders": [], 
                    "host": "", 
                    "links": {
                        "ids": [], 
                        "labels": [], 
                        "masters": [], 
                        "uuids": []
                    }, 
                    "model": null, 
                    "partitions": {}, 
                    "removable": "0", 
                    "rotational": "1", 
                    "sas_address": null, 
                    "sas_device_handle": null, 
                    "scheduler_mode": "none", 
                    "sectors": "0", 
                    "sectorsize": "512", 
                    "size": "0.00 Bytes", 
                    "support_discard": "0", 
                    "vendor": null, 
                    "virtual": 1
                }, 
                "loop6": {
                    "holders": [], 
                    "host": "", 
                    "links": {
                        "ids": [], 
                        "labels": [], 
                        "masters": [], 
                        "uuids": []
                    }, 
                    "model": null, 
                    "partitions": {}, 
                    "removable": "0", 
                    "rotational": "1", 
                    "sas_address": null, 
                    "sas_device_handle": null, 
                    "scheduler_mode": "none", 
                    "sectors": "0", 
                    "sectorsize": "512", 
                    "size": "0.00 Bytes", 
                    "support_discard": "0", 
                    "vendor": null, 
                    "virtual": 1
                }, 
                "loop7": {
                    "holders": [], 
                    "host": "", 
                    "links": {
                        "ids": [], 
                        "labels": [], 
                        "masters": [], 
                        "uuids": []
                    }, 
                    "model": null, 
                    "partitions": {}, 
                    "removable": "0", 
                    "rotational": "1", 
                    "sas_address": null, 
                    "sas_device_handle": null, 
                    "scheduler_mode": "none", 
                    "sectors": "0", 
                    "sectorsize": "512", 
                    "size": "0.00 Bytes", 
                    "support_discard": "0", 
                    "vendor": null, 
                    "virtual": 1
                }, 
                "sda": {
                    "holders": [], 
                    "host": "SATA controller: Intel Corporation Sunrise Point-LP SATA Controller [AHCI mode] (rev 21)", 
                    "links": {
                        "ids": [
                            "ata-Samsung_SSD_850_EVO_M.2_250GB_S33CNX0H707991Z", 
                            "wwn-0x5002538d4110b6cc"
                        ], 
                        "labels": [], 
                        "masters": [], 
                        "uuids": []
                    }, 
                    "model": "Samsung SSD 850", 
                    "partitions": {
                        "sda1": {
                            "holders": [], 
                            "links": {
                                "ids": [
                                    "ata-Samsung_SSD_850_EVO_M.2_250GB_S33CNX0H707991Z-part1", 
                                    "wwn-0x5002538d4110b6cc-part1"
                                ], 
                                "labels": [], 
                                "masters": [], 
                                "uuids": [
                                    "6311-D77D"
                                ]
                            }, 
                            "sectors": "1048576", 
                            "sectorsize": 512, 
                            "size": "512.00 MB", 
                            "start": "2048", 
                            "uuid": "6311-D77D"
                        }, 
                        "sda2": {
                            "holders": [], 
                            "links": {
                                "ids": [
                                    "ata-Samsung_SSD_850_EVO_M.2_250GB_S33CNX0H707991Z-part2", 
                                    "wwn-0x5002538d4110b6cc-part2"
                                ], 
                                "labels": [], 
                                "masters": [], 
                                "uuids": [
                                    "8167dd10-eb05-45c1-b651-c8c465d921a7"
                                ]
                            }, 
                            "sectors": "487344128", 
                            "sectorsize": 512, 
                            "size": "232.38 GB", 
                            "start": "1050624", 
                            "uuid": "8167dd10-eb05-45c1-b651-c8c465d921a7"
                        }
                    }, 
                    "removable": "0", 
                    "rotational": "0", 
                    "sas_address": null, 
                    "sas_device_handle": null, 
                    "scheduler_mode": "cfq", 
                    "sectors": "488397168", 
                    "sectorsize": "512", 
                    "size": "232.89 GB", 
                    "support_discard": "512", 
                    "vendor": "ATA", 
                    "virtual": 1, 
                    "wwn": "0x5002538d4110b6cc"
                }
            }, 
            "distribution": "Ubuntu", 
            "distribution_file_parsed": true, 
            "distribution_file_path": "/etc/os-release", 
            "distribution_file_variety": "Debian", 
            "distribution_major_version": "18", 
            "distribution_release": "bionic", 
            "distribution_version": "18.04", 
            "dns": {
                "nameservers": [
                    "127.0.0.53"
                ], 
                "options": {
                    "edns0": true
                }, 
                "search": [
                    "tantei.io"
                ]
            }, 
            "docker0": {
                "active": false, 
                "device": "docker0", 
                "features": {
                    "esp_hw_offload": "off [fixed]", 
                    "esp_tx_csum_hw_offload": "off [fixed]", 
                    "fcoe_mtu": "off [fixed]", 
                    "generic_receive_offload": "on", 
                    "generic_segmentation_offload": "on", 
                    "highdma": "on", 
                    "hw_tc_offload": "off [fixed]", 
                    "l2_fwd_offload": "off [fixed]", 
                    "large_receive_offload": "off [fixed]", 
                    "loopback": "off [fixed]", 
                    "netns_local": "on [fixed]", 
                    "ntuple_filters": "off [fixed]", 
                    "receive_hashing": "off [fixed]", 
                    "rx_all": "off [fixed]", 
                    "rx_checksumming": "off [fixed]", 
                    "rx_fcs": "off [fixed]", 
                    "rx_udp_tunnel_port_offload": "off [fixed]", 
                    "rx_vlan_filter": "off [fixed]", 
                    "rx_vlan_offload": "off [fixed]", 
                    "rx_vlan_stag_filter": "off [fixed]", 
                    "rx_vlan_stag_hw_parse": "off [fixed]", 
                    "scatter_gather": "on", 
                    "tcp_segmentation_offload": "on", 
                    "tx_checksum_fcoe_crc": "off [fixed]", 
                    "tx_checksum_ip_generic": "on", 
                    "tx_checksum_ipv4": "off [fixed]", 
                    "tx_checksum_ipv6": "off [fixed]", 
                    "tx_checksum_sctp": "off [fixed]", 
                    "tx_checksumming": "on", 
                    "tx_esp_segmentation": "on", 
                    "tx_fcoe_segmentation": "on", 
                    "tx_gre_csum_segmentation": "on", 
                    "tx_gre_segmentation": "on", 
                    "tx_gso_partial": "on", 
                    "tx_gso_robust": "on", 
                    "tx_ipxip4_segmentation": "on", 
                    "tx_ipxip6_segmentation": "on", 
                    "tx_lockless": "on [fixed]", 
                    "tx_nocache_copy": "off", 
                    "tx_scatter_gather": "on", 
                    "tx_scatter_gather_fraglist": "on", 
                    "tx_sctp_segmentation": "on", 
                    "tx_tcp6_segmentation": "on", 
                    "tx_tcp_ecn_segmentation": "on", 
                    "tx_tcp_mangleid_segmentation": "on", 
                    "tx_tcp_segmentation": "on", 
                    "tx_udp_tnl_csum_segmentation": "on", 
                    "tx_udp_tnl_segmentation": "on", 
                    "tx_vlan_offload": "on", 
                    "tx_vlan_stag_hw_insert": "on", 
                    "udp_fragmentation_offload": "off", 
                    "vlan_challenged": "off [fixed]"
                }, 
                "hw_timestamp_filters": [], 
                "id": "8000.02424a012910", 
                "interfaces": [], 
                "ipv4": {
                    "address": "172.17.0.1", 
                    "broadcast": "172.17.255.255", 
                    "netmask": "255.255.0.0", 
                    "network": "172.17.0.0"
                }, 
                "macaddress": "02:42:4a:01:29:10", 
                "mtu": 1500, 
                "promisc": false, 
                "stp": false, 
                "timestamping": [
                    "rx_software", 
                    "software"
                ], 
                "type": "bridge"
            }, 
            "domain": "", 
            "effective_group_id": 1000, 
            "effective_user_id": 1000, 
            "eno1": {
                "active": true, 
                "device": "eno1", 
                "features": {
                    "esp_hw_offload": "off [fixed]", 
                    "esp_tx_csum_hw_offload": "off [fixed]", 
                    "fcoe_mtu": "off [fixed]", 
                    "generic_receive_offload": "on", 
                    "generic_segmentation_offload": "on", 
                    "highdma": "on [fixed]", 
                    "hw_tc_offload": "off [fixed]", 
                    "l2_fwd_offload": "off [fixed]", 
                    "large_receive_offload": "off [fixed]", 
                    "loopback": "off [fixed]", 
                    "netns_local": "off [fixed]", 
                    "ntuple_filters": "off [fixed]", 
                    "receive_hashing": "on", 
                    "rx_all": "off", 
                    "rx_checksumming": "on", 
                    "rx_fcs": "off", 
                    "rx_udp_tunnel_port_offload": "off [fixed]", 
                    "rx_vlan_filter": "off [fixed]", 
                    "rx_vlan_offload": "on", 
                    "rx_vlan_stag_filter": "off [fixed]", 
                    "rx_vlan_stag_hw_parse": "off [fixed]", 
                    "scatter_gather": "on", 
                    "tcp_segmentation_offload": "on", 
                    "tx_checksum_fcoe_crc": "off [fixed]", 
                    "tx_checksum_ip_generic": "on", 
                    "tx_checksum_ipv4": "off [fixed]", 
                    "tx_checksum_ipv6": "off [fixed]", 
                    "tx_checksum_sctp": "off [fixed]", 
                    "tx_checksumming": "on", 
                    "tx_esp_segmentation": "off [fixed]", 
                    "tx_fcoe_segmentation": "off [fixed]", 
                    "tx_gre_csum_segmentation": "off [fixed]", 
                    "tx_gre_segmentation": "off [fixed]", 
                    "tx_gso_partial": "off [fixed]", 
                    "tx_gso_robust": "off [fixed]", 
                    "tx_ipxip4_segmentation": "off [fixed]", 
                    "tx_ipxip6_segmentation": "off [fixed]", 
                    "tx_lockless": "off [fixed]", 
                    "tx_nocache_copy": "off", 
                    "tx_scatter_gather": "on", 
                    "tx_scatter_gather_fraglist": "off [fixed]", 
                    "tx_sctp_segmentation": "off [fixed]", 
                    "tx_tcp6_segmentation": "on", 
                    "tx_tcp_ecn_segmentation": "off [fixed]", 
                    "tx_tcp_mangleid_segmentation": "off", 
                    "tx_tcp_segmentation": "on", 
                    "tx_udp_tnl_csum_segmentation": "off [fixed]", 
                    "tx_udp_tnl_segmentation": "off [fixed]", 
                    "tx_vlan_offload": "on", 
                    "tx_vlan_stag_hw_insert": "off [fixed]", 
                    "udp_fragmentation_offload": "off", 
                    "vlan_challenged": "off [fixed]"
                }, 
                "hw_timestamp_filters": [
                    "none", 
                    "all", 
                    "ptp_v1_l4_sync", 
                    "ptp_v1_l4_delay_req", 
                    "ptp_v2_l4_sync", 
                    "ptp_v2_l4_delay_req", 
                    "ptp_v2_l2_sync", 
                    "ptp_v2_l2_delay_req", 
                    "ptp_v2_event", 
                    "ptp_v2_sync", 
                    "ptp_v2_delay_req"
                ], 
                "ipv4": {
                    "address": "192.168.210.5", 
                    "broadcast": "192.168.255.255", 
                    "netmask": "255.255.0.0", 
                    "network": "192.168.0.0"
                }, 
                "ipv6": [
                    {
                        "address": "fe80::f64d:30ff:fe66:d421", 
                        "prefix": "64", 
                        "scope": "link"
                    }
                ], 
                "macaddress": "f4:4d:30:66:d4:21", 
                "module": "e1000e", 
                "mtu": 1500, 
                "pciid": "0000:00:1f.6", 
                "phc_index": 0, 
                "promisc": false, 
                "speed": 1000, 
                "timestamping": [
                    "tx_hardware", 
                    "tx_software", 
                    "rx_hardware", 
                    "rx_software", 
                    "software", 
                    "raw_hardware"
                ], 
                "type": "ether"
            }, 
            "env": {
                "HOME": "/home/boonheng85", 
                "LANG": "en_US.UTF-8", 
                "LOGNAME": "boonheng85", 
                "MAIL": "/var/mail/boonheng85", 
                "PATH": "/usr/local/sbin:/usr/local/bin:/usr/sbin:/usr/bin:/sbin:/bin:/usr/games:/usr/local/games", 
                "PWD": "/home/boonheng85", 
                "SHELL": "/bin/bash", 
                "SHLVL": "1", 
                "SSH_CLIENT": "192.168.197.26 33860 22", 
                "SSH_CONNECTION": "192.168.197.26 33860 192.168.210.5 22", 
                "SSH_TTY": "/dev/pts/1", 
                "TERM": "screen-256color", 
                "USER": "boonheng85", 
                "XDG_RUNTIME_DIR": "/run/user/1000", 
                "XDG_SESSION_ID": "218", 
                "_": "/bin/sh"
            }, 
            "fips": false, 
            "form_factor": "Desktop", 
            "fqdn": "rancher", 
            "gather_subset": [
                "network", 
                "hardware"
            ], 
            "hostname": "rancher", 
            "interfaces": [
                "lo", 
                "wlp1s0", 
                "docker0", 
                "eno1"
            ], 
            "kernel": "4.15.0-88-generic", 
            "kernel_version": "#88-Ubuntu SMP Tue Feb 11 20:11:34 UTC 2020", 
            "lo": {
                "active": true, 
                "device": "lo", 
                "features": {
                    "esp_hw_offload": "off [fixed]", 
                    "esp_tx_csum_hw_offload": "off [fixed]", 
                    "fcoe_mtu": "off [fixed]", 
                    "generic_receive_offload": "on", 
                    "generic_segmentation_offload": "on", 
                    "highdma": "on [fixed]", 
                    "hw_tc_offload": "off [fixed]", 
                    "l2_fwd_offload": "off [fixed]", 
                    "large_receive_offload": "off [fixed]", 
                    "loopback": "on [fixed]", 
                    "netns_local": "on [fixed]", 
                    "ntuple_filters": "off [fixed]", 
                    "receive_hashing": "off [fixed]", 
                    "rx_all": "off [fixed]", 
                    "rx_checksumming": "on [fixed]", 
                    "rx_fcs": "off [fixed]", 
                    "rx_udp_tunnel_port_offload": "off [fixed]", 
                    "rx_vlan_filter": "off [fixed]", 
                    "rx_vlan_offload": "off [fixed]", 
                    "rx_vlan_stag_filter": "off [fixed]", 
                    "rx_vlan_stag_hw_parse": "off [fixed]", 
                    "scatter_gather": "on", 
                    "tcp_segmentation_offload": "on", 
                    "tx_checksum_fcoe_crc": "off [fixed]", 
                    "tx_checksum_ip_generic": "on [fixed]", 
                    "tx_checksum_ipv4": "off [fixed]", 
                    "tx_checksum_ipv6": "off [fixed]", 
                    "tx_checksum_sctp": "on [fixed]", 
                    "tx_checksumming": "on", 
                    "tx_esp_segmentation": "off [fixed]", 
                    "tx_fcoe_segmentation": "off [fixed]", 
                    "tx_gre_csum_segmentation": "off [fixed]", 
                    "tx_gre_segmentation": "off [fixed]", 
                    "tx_gso_partial": "off [fixed]", 
                    "tx_gso_robust": "off [fixed]", 
                    "tx_ipxip4_segmentation": "off [fixed]", 
                    "tx_ipxip6_segmentation": "off [fixed]", 
                    "tx_lockless": "on [fixed]", 
                    "tx_nocache_copy": "off [fixed]", 
                    "tx_scatter_gather": "on [fixed]", 
                    "tx_scatter_gather_fraglist": "on [fixed]", 
                    "tx_sctp_segmentation": "on", 
                    "tx_tcp6_segmentation": "on", 
                    "tx_tcp_ecn_segmentation": "on", 
                    "tx_tcp_mangleid_segmentation": "on", 
                    "tx_tcp_segmentation": "on", 
                    "tx_udp_tnl_csum_segmentation": "off [fixed]", 
                    "tx_udp_tnl_segmentation": "off [fixed]", 
                    "tx_vlan_offload": "off [fixed]", 
                    "tx_vlan_stag_hw_insert": "off [fixed]", 
                    "udp_fragmentation_offload": "off", 
                    "vlan_challenged": "on [fixed]"
                }, 
                "hw_timestamp_filters": [], 
                "ipv4": {
                    "address": "127.0.0.1", 
                    "broadcast": "host", 
                    "netmask": "255.0.0.0", 
                    "network": "127.0.0.0"
                }, 
                "ipv6": [
                    {
                        "address": "::1", 
                        "prefix": "128", 
                        "scope": "host"
                    }
                ], 
                "mtu": 65536, 
                "promisc": false, 
                "timestamping": [
                    "tx_software", 
                    "rx_software", 
                    "software"
                ], 
                "type": "loopback"
            }, 
            "lsb": {
                "codename": "bionic", 
                "description": "Ubuntu 18.04.4 LTS", 
                "id": "Ubuntu", 
                "major_release": "18", 
                "release": "18.04"
            }, 
            "machine": "x86_64", 
            "machine_id": "0355c3a88b1348c1bf232da9bc7ba4fc", 
            "memfree_mb": 12808, 
            "memory_mb": {
                "nocache": {
                    "free": 15412, 
                    "used": 518
                }, 
                "real": {
                    "free": 12808, 
                    "total": 15930, 
                    "used": 3122
                }, 
                "swap": {
                    "cached": 0, 
                    "free": 0, 
                    "total": 0, 
                    "used": 0
                }
            }, 
            "memtotal_mb": 15930, 
            "module_setup": true, 
            "mounts": [
                {
                    "block_available": 54754826, 
                    "block_size": 4096, 
                    "block_total": 59699367, 
                    "block_used": 4944541, 
                    "device": "/dev/sda2", 
                    "fstype": "ext4", 
                    "inode_available": 15123982, 
                    "inode_total": 15237120, 
                    "inode_used": 113138, 
                    "mount": "/", 
                    "options": "rw,relatime,data=ordered", 
                    "size_available": 224275767296, 
                    "size_total": 244528607232, 
                    "uuid": "8167dd10-eb05-45c1-b651-c8c465d921a7"
                }, 
                {
                    "block_available": 0, 
                    "block_size": 131072, 
                    "block_total": 731, 
                    "block_used": 731, 
                    "device": "/dev/loop0", 
                    "fstype": "squashfs", 
                    "inode_available": 0, 
                    "inode_total": 12847, 
                    "inode_used": 12847, 
                    "mount": "/snap/core/8689", 
                    "options": "ro,nodev,relatime", 
                    "size_available": 0, 
                    "size_total": 95813632, 
                    "uuid": "N/A"
                }, 
                {
                    "block_available": 129274, 
                    "block_size": 4096, 
                    "block_total": 130812, 
                    "block_used": 1538, 
                    "device": "/dev/sda1", 
                    "fstype": "vfat", 
                    "inode_available": 0, 
                    "inode_total": 0, 
                    "inode_used": 0, 
                    "mount": "/boot/efi", 
                    "options": "rw,relatime,fmask=0022,dmask=0022,codepage=437,iocharset=iso8859-1,shortname=mixed,errors=remount-ro", 
                    "size_available": 529506304, 
                    "size_total": 535805952, 
                    "uuid": "6311-D77D"
                }, 
                {
                    "block_available": 0, 
                    "block_size": 131072, 
                    "block_total": 751, 
                    "block_used": 751, 
                    "device": "/dev/loop2", 
                    "fstype": "squashfs", 
                    "inode_available": 0, 
                    "inode_total": 12852, 
                    "inode_used": 12852, 
                    "mount": "/snap/core/8935", 
                    "options": "ro,nodev,relatime", 
                    "size_available": 0, 
                    "size_total": 98435072, 
                    "uuid": "N/A"
                }
            ], 
            "nodename": "rancher", 
            "os_family": "Debian", 
            "pkg_mgr": "apt", 
            "proc_cmdline": {
                "BOOT_IMAGE": "/boot/vmlinuz-4.15.0-88-generic", 
                "ro": true, 
                "root": "UUID=8167dd10-eb05-45c1-b651-c8c465d921a7"
            }, 
            "processor": [
                "0", 
                "GenuineIntel", 
                "Intel(R) Core(TM) i5-6260U CPU @ 1.80GHz", 
                "1", 
                "GenuineIntel", 
                "Intel(R) Core(TM) i5-6260U CPU @ 1.80GHz", 
                "2", 
                "GenuineIntel", 
                "Intel(R) Core(TM) i5-6260U CPU @ 1.80GHz", 
                "3", 
                "GenuineIntel", 
                "Intel(R) Core(TM) i5-6260U CPU @ 1.80GHz"
            ], 
            "processor_cores": 2, 
            "processor_count": 1, 
            "processor_threads_per_core": 2, 
            "processor_vcpus": 4, 
            "product_name": "NA", 
            "product_serial": "NA", 
            "product_uuid": "NA", 
            "product_version": "NA", 
            "python": {
                "executable": "/usr/bin/python3", 
                "has_sslcontext": true, 
                "type": "cpython", 
                "version": {
                    "major": 3, 
                    "micro": 9, 
                    "minor": 6, 
                    "releaselevel": "final", 
                    "serial": 0
                }, 
                "version_info": [
                    3, 
                    6, 
                    9, 
                    "final", 
                    0
                ]
            }, 
            "python_version": "3.6.9", 
            "real_group_id": 1000, 
            "real_user_id": 1000, 
            "selinux": {
                "status": "disabled"
            }, 
            "selinux_python_present": true, 
            "service_mgr": "systemd", 
            "ssh_host_key_dsa_public": "AAAAB3NzaC1kc3MAAACBAIMQBhi8kQKXcMEx4ySbbDYTmr8yDJg1+IggaDXPHiKUdHRWXaL7mPg+4xigKnnbyDPfSwDM8agt20MY62PMPEMYhKKC1LUtA4PGNKQV1p9pXwD9Ufog/Oy3DSz4kzLbwdYAwp83wVCR8ouiXMv+wDa12mRCH6DE0et7BypsOsaJAAAAFQC/reg7QLL9srdFwVKO0rspJyNdvQAAAIB0hOnKwWAjH9xMD0eOaSz7eEGvIssibVyPIspRa6F8RFv9+xvGKpM6bS3ds3g+/8ZBA3InhhgvSsTcoYZWP8O70/MIMCsRBN539/CVe7C+26yIGJGvqjqWTHqd4GOegma5BJ+lcYKG5r3Jrel4dncdr6JbywtohGXQsH0bWGiXUwAAAIAwBokxoAi25SFICZj/YqvzsWHjm6l6VVyUlQx9vi6aLql1JRe7RDH3e4a/yP1+cA5VRzEn/EEGzC0Tzo5qegOMPzpgzQE9U9a/bDaCH3GudXpQlmzuZvEQN392Mcn9uWYgBxhB2IlfymqjQbjh3XcE5YIIfr7q/WMGUnitk2hcIw==", 
            "ssh_host_key_ecdsa_public": "AAAAE2VjZHNhLXNoYTItbmlzdHAyNTYAAAAIbmlzdHAyNTYAAABBBDuC9dV14WXCIDCk7NYovr+dAVQx+CRX6vLTT+A8wdHv9BF3Eh2yc6ofWSGDTWE4VVXKZYXuBewdT0QmQGltA24=", 
            "ssh_host_key_ed25519_public": "AAAAC3NzaC1lZDI1NTE5AAAAIIsjqlg81RFIUoskavJMXAWeBZujKoQ3Ga39v0MWHdyN", 
            "ssh_host_key_rsa_public": "AAAAB3NzaC1yc2EAAAADAQABAAABAQDD8GHMUsI8Jwo/sCgtcXDr0q5s2HQjpRCC01JPC1cHaByz0njHS7p5pG2noIe0fgQ5mxtxZ0cxTT+ZMaqg+VYGVBS6cq1e+S+D8gcsJBBRInndxmszRpmtUldYpj5Ix+hmqgarByMvBW0jiPDL//aANsZ25nObqPObXuuMJbjn86ljCvC6kWa7ZTKrMy94rcCj2vIceJ9dOACeqgciL3mDpwhlxe6cRRPop396zGw9HfwDOp8SckHF4zU0nKX9ip/lCpyzQ9M3Zsja6hBQRR5wMVIDoRAELq2T6Ky6V07EYqYRR6a4ZR7pbO+NW7PY7PK4QrFSyCnA1iYn85i9+2nj", 
            "swapfree_mb": 0, 
            "swaptotal_mb": 0, 
            "system": "Linux", 
            "system_capabilities": [
                ""
            ], 
            "system_capabilities_enforced": "True", 
            "system_vendor": "NA", 
            "uptime_seconds": 360021, 
            "user_dir": "/home/boonheng85", 
            "user_gecos": "Chew Boon Heng", 
            "user_gid": 1000, 
            "user_id": "boonheng85", 
            "user_shell": "/bin/bash", 
            "user_uid": 1000, 
            "userspace_architecture": "x86_64", 
            "userspace_bits": "64", 
            "wlp1s0": {
                "active": false, 
                "device": "wlp1s0", 
                "features": {
                    "esp_hw_offload": "off [fixed]", 
                    "esp_tx_csum_hw_offload": "off [fixed]", 
                    "fcoe_mtu": "off [fixed]", 
                    "generic_receive_offload": "on", 
                    "generic_segmentation_offload": "on", 
                    "highdma": "on [fixed]", 
                    "hw_tc_offload": "off [fixed]", 
                    "l2_fwd_offload": "off [fixed]", 
                    "large_receive_offload": "off [fixed]", 
                    "loopback": "off [fixed]", 
                    "netns_local": "on [fixed]", 
                    "ntuple_filters": "off [fixed]", 
                    "receive_hashing": "off [fixed]", 
                    "rx_all": "off [fixed]", 
                    "rx_checksumming": "off [fixed]", 
                    "rx_fcs": "off [fixed]", 
                    "rx_udp_tunnel_port_offload": "off [fixed]", 
                    "rx_vlan_filter": "off [fixed]", 
                    "rx_vlan_offload": "off [fixed]", 
                    "rx_vlan_stag_filter": "off [fixed]", 
                    "rx_vlan_stag_hw_parse": "off [fixed]", 
                    "scatter_gather": "on", 
                    "tcp_segmentation_offload": "off", 
                    "tx_checksum_fcoe_crc": "off [fixed]", 
                    "tx_checksum_ip_generic": "off [fixed]", 
                    "tx_checksum_ipv4": "off [fixed]", 
                    "tx_checksum_ipv6": "off [fixed]", 
                    "tx_checksum_sctp": "off [fixed]", 
                    "tx_checksumming": "off", 
                    "tx_esp_segmentation": "off [fixed]", 
                    "tx_fcoe_segmentation": "off [fixed]", 
                    "tx_gre_csum_segmentation": "off [fixed]", 
                    "tx_gre_segmentation": "off [fixed]", 
                    "tx_gso_partial": "off [fixed]", 
                    "tx_gso_robust": "off [fixed]", 
                    "tx_ipxip4_segmentation": "off [fixed]", 
                    "tx_ipxip6_segmentation": "off [fixed]", 
                    "tx_lockless": "off [fixed]", 
                    "tx_nocache_copy": "off", 
                    "tx_scatter_gather": "on [fixed]", 
                    "tx_scatter_gather_fraglist": "off [fixed]", 
                    "tx_sctp_segmentation": "off [fixed]", 
                    "tx_tcp6_segmentation": "off [fixed]", 
                    "tx_tcp_ecn_segmentation": "off [fixed]", 
                    "tx_tcp_mangleid_segmentation": "off [fixed]", 
                    "tx_tcp_segmentation": "off [fixed]", 
                    "tx_udp_tnl_csum_segmentation": "off [fixed]", 
                    "tx_udp_tnl_segmentation": "off [fixed]", 
                    "tx_vlan_offload": "off [fixed]", 
                    "tx_vlan_stag_hw_insert": "off [fixed]", 
                    "udp_fragmentation_offload": "off", 
                    "vlan_challenged": "off [fixed]"
                }, 
                "hw_timestamp_filters": [], 
                "macaddress": "a0:c5:89:34:a2:15", 
                "module": "iwlwifi", 
                "mtu": 1500, 
                "pciid": "0000:01:00.0", 
                "promisc": false, 
                "timestamping": [
                    "rx_software", 
                    "software"
                ], 
                "type": "ether"
            }
        }, 
        "ansible_fips": false, 
        "ansible_forks": 5, 
        "ansible_form_factor": "Desktop", 
        "ansible_fqdn": "rancher", 
        "ansible_hostname": "rancher", 
        "ansible_interfaces": [
            "lo", 
            "wlp1s0", 
            "docker0", 
            "eno1"
        ], 
        "ansible_inventory_sources": [
            "/developments/tantei-platform/ansible/inventory"
        ], 
        "ansible_kernel": "4.15.0-88-generic", 
        "ansible_kernel_version": "#88-Ubuntu SMP Tue Feb 11 20:11:34 UTC 2020", 
        "ansible_lo": {
            "active": true, 
            "device": "lo", 
            "features": {
                "esp_hw_offload": "off [fixed]", 
                "esp_tx_csum_hw_offload": "off [fixed]", 
                "fcoe_mtu": "off [fixed]", 
                "generic_receive_offload": "on", 
                "generic_segmentation_offload": "on", 
                "highdma": "on [fixed]", 
                "hw_tc_offload": "off [fixed]", 
                "l2_fwd_offload": "off [fixed]", 
                "large_receive_offload": "off [fixed]", 
                "loopback": "on [fixed]", 
                "netns_local": "on [fixed]", 
                "ntuple_filters": "off [fixed]", 
                "receive_hashing": "off [fixed]", 
                "rx_all": "off [fixed]", 
                "rx_checksumming": "on [fixed]", 
                "rx_fcs": "off [fixed]", 
                "rx_udp_tunnel_port_offload": "off [fixed]", 
                "rx_vlan_filter": "off [fixed]", 
                "rx_vlan_offload": "off [fixed]", 
                "rx_vlan_stag_filter": "off [fixed]", 
                "rx_vlan_stag_hw_parse": "off [fixed]", 
                "scatter_gather": "on", 
                "tcp_segmentation_offload": "on", 
                "tx_checksum_fcoe_crc": "off [fixed]", 
                "tx_checksum_ip_generic": "on [fixed]", 
                "tx_checksum_ipv4": "off [fixed]", 
                "tx_checksum_ipv6": "off [fixed]", 
                "tx_checksum_sctp": "on [fixed]", 
                "tx_checksumming": "on", 
                "tx_esp_segmentation": "off [fixed]", 
                "tx_fcoe_segmentation": "off [fixed]", 
                "tx_gre_csum_segmentation": "off [fixed]", 
                "tx_gre_segmentation": "off [fixed]", 
                "tx_gso_partial": "off [fixed]", 
                "tx_gso_robust": "off [fixed]", 
                "tx_ipxip4_segmentation": "off [fixed]", 
                "tx_ipxip6_segmentation": "off [fixed]", 
                "tx_lockless": "on [fixed]", 
                "tx_nocache_copy": "off [fixed]", 
                "tx_scatter_gather": "on [fixed]", 
                "tx_scatter_gather_fraglist": "on [fixed]", 
                "tx_sctp_segmentation": "on", 
                "tx_tcp6_segmentation": "on", 
                "tx_tcp_ecn_segmentation": "on", 
                "tx_tcp_mangleid_segmentation": "on", 
                "tx_tcp_segmentation": "on", 
                "tx_udp_tnl_csum_segmentation": "off [fixed]", 
                "tx_udp_tnl_segmentation": "off [fixed]", 
                "tx_vlan_offload": "off [fixed]", 
                "tx_vlan_stag_hw_insert": "off [fixed]", 
                "udp_fragmentation_offload": "off", 
                "vlan_challenged": "on [fixed]"
            }, 
            "hw_timestamp_filters": [], 
            "ipv4": {
                "address": "127.0.0.1", 
                "broadcast": "host", 
                "netmask": "255.0.0.0", 
                "network": "127.0.0.0"
            }, 
            "ipv6": [
                {
                    "address": "::1", 
                    "prefix": "128", 
                    "scope": "host"
                }
            ], 
            "mtu": 65536, 
            "promisc": false, 
            "timestamping": [
                "tx_software", 
                "rx_software", 
                "software"
            ], 
            "type": "loopback"
        }, 
        "ansible_local": {}, 
        "ansible_lsb": {
            "codename": "bionic", 
            "description": "Ubuntu 18.04.4 LTS", 
            "id": "Ubuntu", 
            "major_release": "18", 
            "release": "18.04"
        }, 
        "ansible_machine": "x86_64", 
        "ansible_machine_id": "0355c3a88b1348c1bf232da9bc7ba4fc", 
        "ansible_memfree_mb": 12808, 
        "ansible_memory_mb": {
            "nocache": {
                "free": 15412, 
                "used": 518
            }, 
            "real": {
                "free": 12808, 
                "total": 15930, 
                "used": 3122
            }, 
            "swap": {
                "cached": 0, 
                "free": 0, 
                "total": 0, 
                "used": 0
            }
        }, 
        "ansible_memtotal_mb": 15930, 
        "ansible_mounts": [
            {
                "block_available": 54754826, 
                "block_size": 4096, 
                "block_total": 59699367, 
                "block_used": 4944541, 
                "device": "/dev/sda2", 
                "fstype": "ext4", 
                "inode_available": 15123982, 
                "inode_total": 15237120, 
                "inode_used": 113138, 
                "mount": "/", 
                "options": "rw,relatime,data=ordered", 
                "size_available": 224275767296, 
                "size_total": 244528607232, 
                "uuid": "8167dd10-eb05-45c1-b651-c8c465d921a7"
            }, 
            {
                "block_available": 0, 
                "block_size": 131072, 
                "block_total": 731, 
                "block_used": 731, 
                "device": "/dev/loop0", 
                "fstype": "squashfs", 
                "inode_available": 0, 
                "inode_total": 12847, 
                "inode_used": 12847, 
                "mount": "/snap/core/8689", 
                "options": "ro,nodev,relatime", 
                "size_available": 0, 
                "size_total": 95813632, 
                "uuid": "N/A"
            }, 
            {
                "block_available": 129274, 
                "block_size": 4096, 
                "block_total": 130812, 
                "block_used": 1538, 
                "device": "/dev/sda1", 
                "fstype": "vfat", 
                "inode_available": 0, 
                "inode_total": 0, 
                "inode_used": 0, 
                "mount": "/boot/efi", 
                "options": "rw,relatime,fmask=0022,dmask=0022,codepage=437,iocharset=iso8859-1,shortname=mixed,errors=remount-ro", 
                "size_available": 529506304, 
                "size_total": 535805952, 
                "uuid": "6311-D77D"
            }, 
            {
                "block_available": 0, 
                "block_size": 131072, 
                "block_total": 751, 
                "block_used": 751, 
                "device": "/dev/loop2", 
                "fstype": "squashfs", 
                "inode_available": 0, 
                "inode_total": 12852, 
                "inode_used": 12852, 
                "mount": "/snap/core/8935", 
                "options": "ro,nodev,relatime", 
                "size_available": 0, 
                "size_total": 98435072, 
                "uuid": "N/A"
            }
        ], 
        "ansible_nodename": "rancher", 
        "ansible_os_family": "Debian", 
        "ansible_pkg_mgr": "apt", 
        "ansible_playbook_python": "/usr/bin/python", 
        "ansible_proc_cmdline": {
            "BOOT_IMAGE": "/boot/vmlinuz-4.15.0-88-generic", 
            "ro": true, 
            "root": "UUID=8167dd10-eb05-45c1-b651-c8c465d921a7"
        }, 
        "ansible_processor": [
            "0", 
            "GenuineIntel", 
            "Intel(R) Core(TM) i5-6260U CPU @ 1.80GHz", 
            "1", 
            "GenuineIntel", 
            "Intel(R) Core(TM) i5-6260U CPU @ 1.80GHz", 
            "2", 
            "GenuineIntel", 
            "Intel(R) Core(TM) i5-6260U CPU @ 1.80GHz", 
            "3", 
            "GenuineIntel", 
            "Intel(R) Core(TM) i5-6260U CPU @ 1.80GHz"
        ], 
        "ansible_processor_cores": 2, 
        "ansible_processor_count": 1, 
        "ansible_processor_threads_per_core": 2, 
        "ansible_processor_vcpus": 4, 
        "ansible_product_name": "NA", 
        "ansible_product_serial": "NA", 
        "ansible_product_uuid": "NA", 
        "ansible_product_version": "NA", 
        "ansible_python": {
            "executable": "/usr/bin/python3", 
            "has_sslcontext": true, 
            "type": "cpython", 
            "version": {
                "major": 3, 
                "micro": 9, 
                "minor": 6, 
                "releaselevel": "final", 
                "serial": 0
            }, 
            "version_info": [
                3, 
                6, 
                9, 
                "final", 
                0
            ]
        }, 
        "ansible_python_interpreter": "/usr/bin/python3", 
        "ansible_python_version": "3.6.9", 
        "ansible_real_group_id": 1000, 
        "ansible_real_user_id": 1000, 
        "ansible_run_tags": [
            "all"
        ], 
        "ansible_selinux": {
            "status": "disabled"
        }, 
        "ansible_selinux_python_present": true, 
        "ansible_service_mgr": "systemd", 
        "ansible_skip_tags": [
            "os_pkgs_upgrade"
        ], 
        "ansible_ssh_common_args": "-o StrictHostKeyChecking=no", 
        "ansible_ssh_host_key_dsa_public": "AAAAB3NzaC1kc3MAAACBAIMQBhi8kQKXcMEx4ySbbDYTmr8yDJg1+IggaDXPHiKUdHRWXaL7mPg+4xigKnnbyDPfSwDM8agt20MY62PMPEMYhKKC1LUtA4PGNKQV1p9pXwD9Ufog/Oy3DSz4kzLbwdYAwp83wVCR8ouiXMv+wDa12mRCH6DE0et7BypsOsaJAAAAFQC/reg7QLL9srdFwVKO0rspJyNdvQAAAIB0hOnKwWAjH9xMD0eOaSz7eEGvIssibVyPIspRa6F8RFv9+xvGKpM6bS3ds3g+/8ZBA3InhhgvSsTcoYZWP8O70/MIMCsRBN539/CVe7C+26yIGJGvqjqWTHqd4GOegma5BJ+lcYKG5r3Jrel4dncdr6JbywtohGXQsH0bWGiXUwAAAIAwBokxoAi25SFICZj/YqvzsWHjm6l6VVyUlQx9vi6aLql1JRe7RDH3e4a/yP1+cA5VRzEn/EEGzC0Tzo5qegOMPzpgzQE9U9a/bDaCH3GudXpQlmzuZvEQN392Mcn9uWYgBxhB2IlfymqjQbjh3XcE5YIIfr7q/WMGUnitk2hcIw==", 
        "ansible_ssh_host_key_ecdsa_public": "AAAAE2VjZHNhLXNoYTItbmlzdHAyNTYAAAAIbmlzdHAyNTYAAABBBDuC9dV14WXCIDCk7NYovr+dAVQx+CRX6vLTT+A8wdHv9BF3Eh2yc6ofWSGDTWE4VVXKZYXuBewdT0QmQGltA24=", 
        "ansible_ssh_host_key_ed25519_public": "AAAAC3NzaC1lZDI1NTE5AAAAIIsjqlg81RFIUoskavJMXAWeBZujKoQ3Ga39v0MWHdyN", 
        "ansible_ssh_host_key_rsa_public": "AAAAB3NzaC1yc2EAAAADAQABAAABAQDD8GHMUsI8Jwo/sCgtcXDr0q5s2HQjpRCC01JPC1cHaByz0njHS7p5pG2noIe0fgQ5mxtxZ0cxTT+ZMaqg+VYGVBS6cq1e+S+D8gcsJBBRInndxmszRpmtUldYpj5Ix+hmqgarByMvBW0jiPDL//aANsZ25nObqPObXuuMJbjn86ljCvC6kWa7ZTKrMy94rcCj2vIceJ9dOACeqgciL3mDpwhlxe6cRRPop396zGw9HfwDOp8SckHF4zU0nKX9ip/lCpyzQ9M3Zsja6hBQRR5wMVIDoRAELq2T6Ky6V07EYqYRR6a4ZR7pbO+NW7PY7PK4QrFSyCnA1iYn85i9+2nj", 
        "ansible_ssh_pass": "c00l", 
        "ansible_sudo_pass": "c00l", 
        "ansible_swapfree_mb": 0, 
        "ansible_swaptotal_mb": 0, 
        "ansible_system": "Linux", 
        "ansible_system_capabilities": [
            ""
        ], 
        "ansible_system_capabilities_enforced": "True", 
        "ansible_system_vendor": "NA", 
        "ansible_uptime_seconds": 360021, 
        "ansible_user_dir": "/home/boonheng85", 
        "ansible_user_gecos": "Chew Boon Heng", 
        "ansible_user_gid": 1000, 
        "ansible_user_id": "boonheng85", 
        "ansible_user_shell": "/bin/bash", 
        "ansible_user_uid": 1000, 
        "ansible_userspace_architecture": "x86_64", 
        "ansible_userspace_bits": "64", 
        "ansible_verbosity": 1, 
        "ansible_version": {
            "full": "2.9.6", 
            "major": 2, 
            "minor": 9, 
            "revision": 6, 
            "string": "2.9.6"
        }, 
        "ansible_wlp1s0": {
            "active": false, 
            "device": "wlp1s0", 
            "features": {
                "esp_hw_offload": "off [fixed]", 
                "esp_tx_csum_hw_offload": "off [fixed]", 
                "fcoe_mtu": "off [fixed]", 
                "generic_receive_offload": "on", 
                "generic_segmentation_offload": "on", 
                "highdma": "on [fixed]", 
                "hw_tc_offload": "off [fixed]", 
                "l2_fwd_offload": "off [fixed]", 
                "large_receive_offload": "off [fixed]", 
                "loopback": "off [fixed]", 
                "netns_local": "on [fixed]", 
                "ntuple_filters": "off [fixed]", 
                "receive_hashing": "off [fixed]", 
                "rx_all": "off [fixed]", 
                "rx_checksumming": "off [fixed]", 
                "rx_fcs": "off [fixed]", 
                "rx_udp_tunnel_port_offload": "off [fixed]", 
                "rx_vlan_filter": "off [fixed]", 
                "rx_vlan_offload": "off [fixed]", 
                "rx_vlan_stag_filter": "off [fixed]", 
                "rx_vlan_stag_hw_parse": "off [fixed]", 
                "scatter_gather": "on", 
                "tcp_segmentation_offload": "off", 
                "tx_checksum_fcoe_crc": "off [fixed]", 
                "tx_checksum_ip_generic": "off [fixed]", 
                "tx_checksum_ipv4": "off [fixed]", 
                "tx_checksum_ipv6": "off [fixed]", 
                "tx_checksum_sctp": "off [fixed]", 
                "tx_checksumming": "off", 
                "tx_esp_segmentation": "off [fixed]", 
                "tx_fcoe_segmentation": "off [fixed]", 
                "tx_gre_csum_segmentation": "off [fixed]", 
                "tx_gre_segmentation": "off [fixed]", 
                "tx_gso_partial": "off [fixed]", 
                "tx_gso_robust": "off [fixed]", 
                "tx_ipxip4_segmentation": "off [fixed]", 
                "tx_ipxip6_segmentation": "off [fixed]", 
                "tx_lockless": "off [fixed]", 
                "tx_nocache_copy": "off", 
                "tx_scatter_gather": "on [fixed]", 
                "tx_scatter_gather_fraglist": "off [fixed]", 
                "tx_sctp_segmentation": "off [fixed]", 
                "tx_tcp6_segmentation": "off [fixed]", 
                "tx_tcp_ecn_segmentation": "off [fixed]", 
                "tx_tcp_mangleid_segmentation": "off [fixed]", 
                "tx_tcp_segmentation": "off [fixed]", 
                "tx_udp_tnl_csum_segmentation": "off [fixed]", 
                "tx_udp_tnl_segmentation": "off [fixed]", 
                "tx_vlan_offload": "off [fixed]", 
                "tx_vlan_stag_hw_insert": "off [fixed]", 
                "udp_fragmentation_offload": "off", 
                "vlan_challenged": "off [fixed]"
            }, 
            "hw_timestamp_filters": [], 
            "macaddress": "a0:c5:89:34:a2:15", 
            "module": "iwlwifi", 
            "mtu": 1500, 
            "pciid": "0000:01:00.0", 
            "promisc": false, 
            "timestamping": [
                "rx_software", 
                "software"
            ], 
            "type": "ether"
        }, 
        "gather_subset": [
            "network", 
            "hardware"
        ], 
        "group_names": [
            "rancher", 
            "rancher_load_balancer"
        ], 
        "groups": {
            "all": [
                "rancher.tantei.io", 
                "app-01.tantei.io", 
                "app-02.tantei.io", 
                "app-03.tantei.io"
            ], 
            "nodes": [
                "app-01.tantei.io", 
                "app-02.tantei.io", 
                "app-03.tantei.io"
            ], 
            "rancher": [
                "rancher.tantei.io"
            ], 
            "rancher_load_balancer": [
                "rancher.tantei.io"
            ], 
            "ungrouped": []
        }, 
        "inventory_dir": "/developments/tantei-platform/ansible", 
        "inventory_file": "/developments/tantei-platform/ansible/inventory", 
        "inventory_hostname": "rancher.tantei.io", 
        "inventory_hostname_short": "rancher", 
        "module_setup": true, 
        "omit": "__omit_place_holder__baaa173044bbcf1b8eb4cfa7350d7644b0ec8897", 
        "playbook_dir": "/developments/tantei-platform/ansible"
    }
}
skipping: [app-02.tantei.io] => {}
skipping: [app-03.tantei.io] => {}

PLAY [rancher] *******************************************************************************************************************************************************

TASK [Gathering Facts] ***********************************************************************************************************************************************
ok: [rancher.tantei.io]

TASK [rancher-node : get rke v0.2.10] ********************************************************************************************************************************
ok: [rancher.tantei.io] => {"changed": false, "dest": "/usr/local/bin/rke", "elapsed": 2, "gid": 0, "group": "root", "mode": "0755", "msg": "HTTP Error 304: Not Modified", "owner": "root", "size": 40627173, "state": "file", "uid": 0, "url": "https://github.com/rancher/rke/releases/download/v0.2.10/rke_linux-amd64"}

PLAY RECAP ***********************************************************************************************************************************************************
app-01.tantei.io           : ok=1    changed=0    unreachable=0    failed=0    skipped=1    rescued=0    ignored=0   
app-02.tantei.io           : ok=1    changed=0    unreachable=0    failed=0    skipped=1    rescued=0    ignored=0   
app-03.tantei.io           : ok=1    changed=0    unreachable=0    failed=0    skipped=1    rescued=0    ignored=0   
rancher.tantei.io          : ok=4    changed=0    unreachable=0    failed=0    skipped=0    rescued=0    ignored=0   

